Arguments: 
  /home/constanze/.nvm/versions/node/v14.15.4/bin/node /home/constanze/.nvm/versions/node/v14.15.4/bin/yarn add @babel/cli @babel/core @babel/preset-env @babel/preset-typscript @types/node @typescript-eslint/eslint-plugin @typescript-eslint/parser eslint eslint-config-marine rimraf typescript --dev

PATH: 
  /home/constanze/.nvm/versions/node/v14.15.4/bin:/usr/local/sbin:/usr/local/bin:/usr/sbin:/usr/bin:/sbin:/bin:/usr/games:/usr/local/games:/snap/bin:/home/constanze/.yarn/bin:/home/constanze/.local/bin:/home/constanze/.yarn/bin:/home/constanze/.local/bin

Yarn version: 
  1.22.10

Node version: 
  14.15.4

Platform: 
  linux x64

Trace: 
  Error: https://registry.yarnpkg.com/@babel%2fpreset-typscript: Not found
      at Request.params.callback [as _callback] (/home/constanze/.nvm/versions/node/v14.15.4/lib/node_modules/yarn/lib/cli.js:66988:18)
      at Request.self.callback (/home/constanze/.nvm/versions/node/v14.15.4/lib/node_modules/yarn/lib/cli.js:140662:22)
      at Request.emit (events.js:315:20)
      at Request.<anonymous> (/home/constanze/.nvm/versions/node/v14.15.4/lib/node_modules/yarn/lib/cli.js:141634:10)
      at Request.emit (events.js:315:20)
      at IncomingMessage.<anonymous> (/home/constanze/.nvm/versions/node/v14.15.4/lib/node_modules/yarn/lib/cli.js:141556:12)
      at Object.onceWrapper (events.js:421:28)
      at IncomingMessage.emit (events.js:327:22)
      at endReadableNT (internal/streams/readable.js:1327:12)
      at processTicksAndRejections (internal/process/task_queues.js:80:21)

npm manifest: 
  {
    "name": "@lizjs/collection",
    "version": "0.1.0",
    "description": "Utility data structure use by Discord.js and now by Liz.js",
    "main": "dist/index.js",
    "scripts": {
      "test": "node text/index.js"
    },
    "repository": {
      "type": "git",
      "url": "git+https://github.com/lizjs/collection.git"
    },
    "keywords": [
      "map",
      "collection",
      "utility"
    ],
    "author": "Constanze <developer.julius0301@gmail.com>",
    "license": "Apache-2.0",
    "bugs": {
      "url": "https://github.com/lizjs/collection/issues"
    },
    "homepage": "https://github.com/lizjs/collection#readme"
  }

yarn manifest: 
  No manifest

Lockfile: 
  No lockfile
